[2024-07-24T06:40:55.269+0000] {local_task_job_runner.py:120} INFO - ::group::Pre task execution logs
[2024-07-24T06:40:55.302+0000] {taskinstance.py:2076} INFO - Dependencies all met for dep_context=non-requeueable deps ti=<TaskInstance: s3_to_postgres_dag.create_table manual__2024-07-24T06:40:54.822441+00:00 [queued]>
[2024-07-24T06:40:55.314+0000] {taskinstance.py:2076} INFO - Dependencies all met for dep_context=requeueable deps ti=<TaskInstance: s3_to_postgres_dag.create_table manual__2024-07-24T06:40:54.822441+00:00 [queued]>
[2024-07-24T06:40:55.314+0000] {taskinstance.py:2306} INFO - Starting attempt 1 of 2
[2024-07-24T06:40:55.322+0000] {taskinstance.py:2330} INFO - Executing <Task(PythonOperator): create_table> on 2024-07-24 06:40:54.822441+00:00
[2024-07-24T06:40:55.325+0000] {warnings.py:112} WARNING - /home/***/.local/lib/python3.12/site-packages/***/task/task_runner/standard_task_runner.py:62: DeprecationWarning: This process (pid=1640) is multi-threaded, use of fork() may lead to deadlocks in the child.
  pid = os.fork()

[2024-07-24T06:40:55.325+0000] {standard_task_runner.py:64} INFO - Started process 1641 to run task
[2024-07-24T06:40:55.326+0000] {standard_task_runner.py:90} INFO - Running: ['***', 'tasks', 'run', 's3_to_postgres_dag', 'create_table', 'manual__2024-07-24T06:40:54.822441+00:00', '--job-id', '81', '--raw', '--subdir', 'DAGS_FOLDER/accommodations.py', '--cfg-path', '/tmp/tmp5r0m4asr']
[2024-07-24T06:40:55.327+0000] {standard_task_runner.py:91} INFO - Job 81: Subtask create_table
[2024-07-24T06:40:55.375+0000] {task_command.py:426} INFO - Running <TaskInstance: s3_to_postgres_dag.create_table manual__2024-07-24T06:40:54.822441+00:00 [running]> on host 7f96a5b4d944
[2024-07-24T06:40:55.473+0000] {taskinstance.py:2648} INFO - Exporting env vars: AIRFLOW_CTX_DAG_OWNER='***' AIRFLOW_CTX_DAG_ID='s3_to_postgres_dag' AIRFLOW_CTX_TASK_ID='create_table' AIRFLOW_CTX_EXECUTION_DATE='2024-07-24T06:40:54.822441+00:00' AIRFLOW_CTX_TRY_NUMBER='1' AIRFLOW_CTX_DAG_RUN_ID='manual__2024-07-24T06:40:54.822441+00:00'
[2024-07-24T06:40:55.473+0000] {taskinstance.py:430} INFO - ::endgroup::
[2024-07-24T06:40:55.497+0000] {base.py:84} INFO - Using connection ID 'aws_default' for task execution.
[2024-07-24T06:40:55.498+0000] {connection_wrapper.py:388} INFO - AWS Connection (conn_id='aws_default', conn_type='aws') credentials retrieved from login and password.
[2024-07-24T06:40:55.817+0000] {logging_mixin.py:188} INFO - Table created successfully or already exists.
[2024-07-24T06:40:55.828+0000] {logging_mixin.py:188} INFO - Table columns:
[2024-07-24T06:40:55.828+0000] {logging_mixin.py:188} INFO - ('\ufeffrelevance', 'text')
[2024-07-24T06:40:55.828+0000] {logging_mixin.py:188} INFO - ('id', 'text')
[2024-07-24T06:40:55.829+0000] {logging_mixin.py:188} INFO - ('title', 'text')
[2024-07-24T06:40:55.829+0000] {logging_mixin.py:188} INFO - ('alternate_titles', 'text')
[2024-07-24T06:40:55.829+0000] {logging_mixin.py:188} INFO - ('description', 'text')
[2024-07-24T06:40:55.829+0000] {logging_mixin.py:188} INFO - ('category', 'text')
[2024-07-24T06:40:55.829+0000] {logging_mixin.py:188} INFO - ('labels', 'text')
[2024-07-24T06:40:55.830+0000] {logging_mixin.py:188} INFO - ('rank', 'text')
[2024-07-24T06:40:55.830+0000] {logging_mixin.py:188} INFO - ('local_rank', 'text')
[2024-07-24T06:40:55.830+0000] {logging_mixin.py:188} INFO - ('phq_attendance', 'text')
[2024-07-24T06:40:55.830+0000] {logging_mixin.py:188} INFO - ('entities', 'text')
[2024-07-24T06:40:55.830+0000] {logging_mixin.py:188} INFO - ('duration', 'text')
[2024-07-24T06:40:55.831+0000] {logging_mixin.py:188} INFO - ('start', 'text')
[2024-07-24T06:40:55.831+0000] {logging_mixin.py:188} INFO - ('start_local', 'text')
[2024-07-24T06:40:55.831+0000] {logging_mixin.py:188} INFO - ('end', 'text')
[2024-07-24T06:40:55.831+0000] {logging_mixin.py:188} INFO - ('end_local', 'text')
[2024-07-24T06:40:55.831+0000] {logging_mixin.py:188} INFO - ('updated', 'text')
[2024-07-24T06:40:55.832+0000] {logging_mixin.py:188} INFO - ('first_seen', 'text')
[2024-07-24T06:40:55.832+0000] {logging_mixin.py:188} INFO - ('timezone', 'text')
[2024-07-24T06:40:55.832+0000] {logging_mixin.py:188} INFO - ('location', 'text')
[2024-07-24T06:40:55.832+0000] {logging_mixin.py:188} INFO - ('geo', 'text')
[2024-07-24T06:40:55.832+0000] {logging_mixin.py:188} INFO - ('impact_patterns', 'text')
[2024-07-24T06:40:55.833+0000] {logging_mixin.py:188} INFO - ('scope', 'text')
[2024-07-24T06:40:55.833+0000] {logging_mixin.py:188} INFO - ('country', 'text')
[2024-07-24T06:40:55.833+0000] {logging_mixin.py:188} INFO - ('place_hierarchies', 'text')
[2024-07-24T06:40:55.833+0000] {logging_mixin.py:188} INFO - ('state', 'text')
[2024-07-24T06:40:55.833+0000] {logging_mixin.py:188} INFO - ('brand_safe', 'text')
[2024-07-24T06:40:55.834+0000] {logging_mixin.py:188} INFO - ('private', 'text')
[2024-07-24T06:40:55.834+0000] {logging_mixin.py:188} INFO - ('predicted_event_spend', 'text')
[2024-07-24T06:40:55.834+0000] {logging_mixin.py:188} INFO - ('predicted_event_spend_industries', 'text')
[2024-07-24T06:40:55.834+0000] {logging_mixin.py:188} INFO - ('phq_labels', 'text')
[2024-07-24T06:40:55.834+0000] {logging_mixin.py:188} INFO - ('start_date_confidence_score', 'text')
[2024-07-24T06:40:55.835+0000] {logging_mixin.py:188} INFO - ('location_confidence_score', 'text')
[2024-07-24T06:40:55.836+0000] {python.py:237} INFO - Done. Returned value was: None
[2024-07-24T06:40:55.836+0000] {taskinstance.py:441} INFO - ::group::Post task execution logs
[2024-07-24T06:40:55.851+0000] {taskinstance.py:1206} INFO - Marking task as SUCCESS. dag_id=s3_to_postgres_dag, task_id=create_table, run_id=manual__2024-07-24T06:40:54.822441+00:00, execution_date=20240724T064054, start_date=20240724T064055, end_date=20240724T064055
[2024-07-24T06:40:55.899+0000] {local_task_job_runner.py:243} INFO - Task exited with return code 0
[2024-07-24T06:40:55.934+0000] {taskinstance.py:3503} INFO - 1 downstream tasks scheduled from follow-on schedule check
[2024-07-24T06:40:55.935+0000] {local_task_job_runner.py:222} INFO - ::endgroup::
