[2024-07-24T06:01:03.498+0000] {local_task_job_runner.py:120} INFO - ::group::Pre task execution logs
[2024-07-24T06:01:03.511+0000] {taskinstance.py:2076} INFO - Dependencies all met for dep_context=non-requeueable deps ti=<TaskInstance: s3_to_postgres_dag.transfer_csv_to_db manual__2024-07-24T06:01:02.174795+00:00 [queued]>
[2024-07-24T06:01:03.520+0000] {taskinstance.py:2076} INFO - Dependencies all met for dep_context=requeueable deps ti=<TaskInstance: s3_to_postgres_dag.transfer_csv_to_db manual__2024-07-24T06:01:02.174795+00:00 [queued]>
[2024-07-24T06:01:03.521+0000] {taskinstance.py:2306} INFO - Starting attempt 1 of 2
[2024-07-24T06:01:03.530+0000] {taskinstance.py:2330} INFO - Executing <Task(PythonOperator): transfer_csv_to_db> on 2024-07-24 06:01:02.174795+00:00
[2024-07-24T06:01:03.533+0000] {warnings.py:112} WARNING - /home/***/.local/lib/python3.12/site-packages/***/task/task_runner/standard_task_runner.py:62: DeprecationWarning: This process (pid=988) is multi-threaded, use of fork() may lead to deadlocks in the child.
  pid = os.fork()

[2024-07-24T06:01:03.534+0000] {standard_task_runner.py:64} INFO - Started process 989 to run task
[2024-07-24T06:01:03.534+0000] {standard_task_runner.py:90} INFO - Running: ['***', 'tasks', 'run', 's3_to_postgres_dag', 'transfer_csv_to_db', 'manual__2024-07-24T06:01:02.174795+00:00', '--job-id', '20', '--raw', '--subdir', 'DAGS_FOLDER/accommodations.py', '--cfg-path', '/tmp/tmpz9ggwccm']
[2024-07-24T06:01:03.535+0000] {standard_task_runner.py:91} INFO - Job 20: Subtask transfer_csv_to_db
[2024-07-24T06:01:03.589+0000] {task_command.py:426} INFO - Running <TaskInstance: s3_to_postgres_dag.transfer_csv_to_db manual__2024-07-24T06:01:02.174795+00:00 [running]> on host 7f96a5b4d944
[2024-07-24T06:01:03.650+0000] {taskinstance.py:2648} INFO - Exporting env vars: AIRFLOW_CTX_DAG_OWNER='***' AIRFLOW_CTX_DAG_ID='s3_to_postgres_dag' AIRFLOW_CTX_TASK_ID='transfer_csv_to_db' AIRFLOW_CTX_EXECUTION_DATE='2024-07-24T06:01:02.174795+00:00' AIRFLOW_CTX_TRY_NUMBER='1' AIRFLOW_CTX_DAG_RUN_ID='manual__2024-07-24T06:01:02.174795+00:00'
[2024-07-24T06:01:03.651+0000] {taskinstance.py:430} INFO - ::endgroup::
[2024-07-24T06:01:03.673+0000] {base.py:84} INFO - Using connection ID 'aws_default' for task execution.
[2024-07-24T06:01:03.674+0000] {connection_wrapper.py:388} INFO - AWS Connection (conn_id='aws_default', conn_type='aws') credentials retrieved from login and password.
[2024-07-24T06:01:04.017+0000] {logging_mixin.py:188} INFO - Error: relation "your_table" does not exist
LINE 1: INSERT INTO your_table ("﻿relevance", "id", "title", "descri...
                    ^
[2024-07-24T06:01:04.021+0000] {python.py:237} INFO - Done. Returned value was: None
[2024-07-24T06:01:04.022+0000] {taskinstance.py:441} INFO - ::group::Post task execution logs
[2024-07-24T06:01:04.039+0000] {taskinstance.py:1206} INFO - Marking task as SUCCESS. dag_id=s3_to_postgres_dag, task_id=transfer_csv_to_db, run_id=manual__2024-07-24T06:01:02.174795+00:00, execution_date=20240724T060102, start_date=20240724T060103, end_date=20240724T060104
[2024-07-24T06:01:04.068+0000] {local_task_job_runner.py:243} INFO - Task exited with return code 0
[2024-07-24T06:01:04.104+0000] {taskinstance.py:3503} INFO - 1 downstream tasks scheduled from follow-on schedule check
[2024-07-24T06:01:04.105+0000] {local_task_job_runner.py:222} INFO - ::endgroup::
