[2024-07-24T07:12:29.275+0000] {local_task_job_runner.py:120} INFO - ::group::Pre task execution logs
[2024-07-24T07:12:29.295+0000] {taskinstance.py:2076} INFO - Dependencies all met for dep_context=non-requeueable deps ti=<TaskInstance: s3_to_google_places_local.process_locations manual__2024-07-24T07:12:28.114882+00:00 [queued]>
[2024-07-24T07:12:29.302+0000] {taskinstance.py:2076} INFO - Dependencies all met for dep_context=requeueable deps ti=<TaskInstance: s3_to_google_places_local.process_locations manual__2024-07-24T07:12:28.114882+00:00 [queued]>
[2024-07-24T07:12:29.303+0000] {taskinstance.py:2306} INFO - Starting attempt 1 of 2
[2024-07-24T07:12:29.309+0000] {taskinstance.py:2330} INFO - Executing <Task(PythonOperator): process_locations> on 2024-07-24 07:12:28.114882+00:00
[2024-07-24T07:12:29.312+0000] {warnings.py:112} WARNING - /home/***/.local/lib/python3.12/site-packages/***/task/task_runner/standard_task_runner.py:62: DeprecationWarning: This process (pid=87) is multi-threaded, use of fork() may lead to deadlocks in the child.
  pid = os.fork()

[2024-07-24T07:12:29.313+0000] {standard_task_runner.py:64} INFO - Started process 89 to run task
[2024-07-24T07:12:29.314+0000] {standard_task_runner.py:90} INFO - Running: ['***', 'tasks', 'run', 's3_to_google_places_local', 'process_locations', 'manual__2024-07-24T07:12:28.114882+00:00', '--job-id', '89', '--raw', '--subdir', 'DAGS_FOLDER/accommodations.py', '--cfg-path', '/tmp/tmpqmv6a177']
[2024-07-24T07:12:29.315+0000] {standard_task_runner.py:91} INFO - Job 89: Subtask process_locations
[2024-07-24T07:12:29.375+0000] {task_command.py:426} INFO - Running <TaskInstance: s3_to_google_places_local.process_locations manual__2024-07-24T07:12:28.114882+00:00 [running]> on host d482e8613c9b
[2024-07-24T07:12:29.467+0000] {taskinstance.py:2648} INFO - Exporting env vars: AIRFLOW_CTX_DAG_EMAIL='your.email@example.com' AIRFLOW_CTX_DAG_OWNER='***' AIRFLOW_CTX_DAG_ID='s3_to_google_places_local' AIRFLOW_CTX_TASK_ID='process_locations' AIRFLOW_CTX_EXECUTION_DATE='2024-07-24T07:12:28.114882+00:00' AIRFLOW_CTX_TRY_NUMBER='1' AIRFLOW_CTX_DAG_RUN_ID='manual__2024-07-24T07:12:28.114882+00:00'
[2024-07-24T07:12:29.468+0000] {taskinstance.py:430} INFO - ::endgroup::
[2024-07-24T07:12:29.493+0000] {base.py:84} INFO - Using connection ID 'aws_default' for task execution.
[2024-07-24T07:12:29.494+0000] {connection_wrapper.py:388} INFO - AWS Connection (conn_id='aws_default', conn_type='aws') credentials retrieved from login and password.
[2024-07-24T07:12:32.075+0000] {logging_mixin.py:188} INFO - File saved locally at /opt/***/dags/AE_Accommodations_2024-07-24.csv
[2024-07-24T07:12:32.077+0000] {python.py:237} INFO - Done. Returned value was: None
[2024-07-24T07:12:32.078+0000] {taskinstance.py:441} INFO - ::group::Post task execution logs
[2024-07-24T07:12:32.083+0000] {taskinstance.py:1206} INFO - Marking task as SUCCESS. dag_id=s3_to_google_places_local, task_id=process_locations, run_id=manual__2024-07-24T07:12:28.114882+00:00, execution_date=20240724T071228, start_date=20240724T071229, end_date=20240724T071232
[2024-07-24T07:12:32.134+0000] {local_task_job_runner.py:243} INFO - Task exited with return code 0
[2024-07-24T07:12:32.142+0000] {taskinstance.py:3503} INFO - 0 downstream tasks scheduled from follow-on schedule check
[2024-07-24T07:12:32.143+0000] {local_task_job_runner.py:222} INFO - ::endgroup::
