[2024-07-24T06:38:22.092+0000] {local_task_job_runner.py:120} INFO - ::group::Pre task execution logs
[2024-07-24T06:38:22.111+0000] {taskinstance.py:2076} INFO - Dependencies all met for dep_context=non-requeueable deps ti=<TaskInstance: s3_to_postgres_dag.create_table manual__2024-07-24T06:38:21.828640+00:00 [queued]>
[2024-07-24T06:38:22.120+0000] {taskinstance.py:2076} INFO - Dependencies all met for dep_context=requeueable deps ti=<TaskInstance: s3_to_postgres_dag.create_table manual__2024-07-24T06:38:21.828640+00:00 [queued]>
[2024-07-24T06:38:22.121+0000] {taskinstance.py:2306} INFO - Starting attempt 1 of 2
[2024-07-24T06:38:22.129+0000] {taskinstance.py:2330} INFO - Executing <Task(PythonOperator): create_table> on 2024-07-24 06:38:21.828640+00:00
[2024-07-24T06:38:22.132+0000] {warnings.py:112} WARNING - /home/***/.local/lib/python3.12/site-packages/***/task/task_runner/standard_task_runner.py:62: DeprecationWarning: This process (pid=1598) is multi-threaded, use of fork() may lead to deadlocks in the child.
  pid = os.fork()

[2024-07-24T06:38:22.132+0000] {standard_task_runner.py:64} INFO - Started process 1599 to run task
[2024-07-24T06:38:22.133+0000] {standard_task_runner.py:90} INFO - Running: ['***', 'tasks', 'run', 's3_to_postgres_dag', 'create_table', 'manual__2024-07-24T06:38:21.828640+00:00', '--job-id', '78', '--raw', '--subdir', 'DAGS_FOLDER/accommodations.py', '--cfg-path', '/tmp/tmp4u1egem3']
[2024-07-24T06:38:22.134+0000] {standard_task_runner.py:91} INFO - Job 78: Subtask create_table
[2024-07-24T06:38:22.188+0000] {task_command.py:426} INFO - Running <TaskInstance: s3_to_postgres_dag.create_table manual__2024-07-24T06:38:21.828640+00:00 [running]> on host 7f96a5b4d944
[2024-07-24T06:38:22.293+0000] {taskinstance.py:2648} INFO - Exporting env vars: AIRFLOW_CTX_DAG_OWNER='***' AIRFLOW_CTX_DAG_ID='s3_to_postgres_dag' AIRFLOW_CTX_TASK_ID='create_table' AIRFLOW_CTX_EXECUTION_DATE='2024-07-24T06:38:21.828640+00:00' AIRFLOW_CTX_TRY_NUMBER='1' AIRFLOW_CTX_DAG_RUN_ID='manual__2024-07-24T06:38:21.828640+00:00'
[2024-07-24T06:38:22.295+0000] {taskinstance.py:430} INFO - ::endgroup::
[2024-07-24T06:38:22.334+0000] {base.py:84} INFO - Using connection ID 'aws_default' for task execution.
[2024-07-24T06:38:22.334+0000] {connection_wrapper.py:388} INFO - AWS Connection (conn_id='aws_default', conn_type='aws') credentials retrieved from login and password.
[2024-07-24T06:38:22.608+0000] {logging_mixin.py:188} INFO - Table created successfully or already exists.
[2024-07-24T06:38:22.619+0000] {logging_mixin.py:188} INFO - Table columns:
[2024-07-24T06:38:22.620+0000] {logging_mixin.py:188} INFO - ('\ufeffrelevance', 'text')
[2024-07-24T06:38:22.620+0000] {logging_mixin.py:188} INFO - ('id', 'text')
[2024-07-24T06:38:22.620+0000] {logging_mixin.py:188} INFO - ('title', 'text')
[2024-07-24T06:38:22.621+0000] {logging_mixin.py:188} INFO - ('alternate_titles', 'text')
[2024-07-24T06:38:22.621+0000] {logging_mixin.py:188} INFO - ('description', 'text')
[2024-07-24T06:38:22.621+0000] {logging_mixin.py:188} INFO - ('category', 'text')
[2024-07-24T06:38:22.621+0000] {logging_mixin.py:188} INFO - ('labels', 'text')
[2024-07-24T06:38:22.621+0000] {logging_mixin.py:188} INFO - ('rank', 'text')
[2024-07-24T06:38:22.621+0000] {logging_mixin.py:188} INFO - ('local_rank', 'text')
[2024-07-24T06:38:22.622+0000] {logging_mixin.py:188} INFO - ('phq_attendance', 'text')
[2024-07-24T06:38:22.622+0000] {logging_mixin.py:188} INFO - ('entities', 'text')
[2024-07-24T06:38:22.622+0000] {logging_mixin.py:188} INFO - ('duration', 'text')
[2024-07-24T06:38:22.622+0000] {logging_mixin.py:188} INFO - ('start', 'text')
[2024-07-24T06:38:22.623+0000] {logging_mixin.py:188} INFO - ('start_local', 'text')
[2024-07-24T06:38:22.623+0000] {logging_mixin.py:188} INFO - ('end', 'text')
[2024-07-24T06:38:22.623+0000] {logging_mixin.py:188} INFO - ('end_local', 'text')
[2024-07-24T06:38:22.623+0000] {logging_mixin.py:188} INFO - ('updated', 'text')
[2024-07-24T06:38:22.623+0000] {logging_mixin.py:188} INFO - ('first_seen', 'text')
[2024-07-24T06:38:22.624+0000] {logging_mixin.py:188} INFO - ('timezone', 'text')
[2024-07-24T06:38:22.624+0000] {logging_mixin.py:188} INFO - ('location', 'text')
[2024-07-24T06:38:22.624+0000] {logging_mixin.py:188} INFO - ('geo', 'text')
[2024-07-24T06:38:22.624+0000] {logging_mixin.py:188} INFO - ('impact_patterns', 'text')
[2024-07-24T06:38:22.624+0000] {logging_mixin.py:188} INFO - ('scope', 'text')
[2024-07-24T06:38:22.625+0000] {logging_mixin.py:188} INFO - ('country', 'text')
[2024-07-24T06:38:22.625+0000] {logging_mixin.py:188} INFO - ('place_hierarchies', 'text')
[2024-07-24T06:38:22.625+0000] {logging_mixin.py:188} INFO - ('state', 'text')
[2024-07-24T06:38:22.625+0000] {logging_mixin.py:188} INFO - ('brand_safe', 'text')
[2024-07-24T06:38:22.626+0000] {logging_mixin.py:188} INFO - ('private', 'text')
[2024-07-24T06:38:22.626+0000] {logging_mixin.py:188} INFO - ('predicted_event_spend', 'text')
[2024-07-24T06:38:22.626+0000] {logging_mixin.py:188} INFO - ('predicted_event_spend_industries', 'text')
[2024-07-24T06:38:22.626+0000] {logging_mixin.py:188} INFO - ('phq_labels', 'text')
[2024-07-24T06:38:22.626+0000] {logging_mixin.py:188} INFO - ('start_date_confidence_score', 'text')
[2024-07-24T06:38:22.627+0000] {logging_mixin.py:188} INFO - ('location_confidence_score', 'text')
[2024-07-24T06:38:22.630+0000] {python.py:237} INFO - Done. Returned value was: None
[2024-07-24T06:38:22.631+0000] {taskinstance.py:441} INFO - ::group::Post task execution logs
[2024-07-24T06:38:22.645+0000] {taskinstance.py:1206} INFO - Marking task as SUCCESS. dag_id=s3_to_postgres_dag, task_id=create_table, run_id=manual__2024-07-24T06:38:21.828640+00:00, execution_date=20240724T063821, start_date=20240724T063822, end_date=20240724T063822
[2024-07-24T06:38:22.666+0000] {local_task_job_runner.py:243} INFO - Task exited with return code 0
[2024-07-24T06:38:22.681+0000] {taskinstance.py:3503} INFO - 1 downstream tasks scheduled from follow-on schedule check
[2024-07-24T06:38:22.681+0000] {local_task_job_runner.py:222} INFO - ::endgroup::
