[2024-07-24T06:25:42.634+0000] {local_task_job_runner.py:120} INFO - ::group::Pre task execution logs
[2024-07-24T06:25:42.663+0000] {taskinstance.py:2076} INFO - Dependencies all met for dep_context=non-requeueable deps ti=<TaskInstance: s3_to_postgres_dag.create_table manual__2024-07-24T06:25:41.661343+00:00 [queued]>
[2024-07-24T06:25:42.671+0000] {taskinstance.py:2076} INFO - Dependencies all met for dep_context=requeueable deps ti=<TaskInstance: s3_to_postgres_dag.create_table manual__2024-07-24T06:25:41.661343+00:00 [queued]>
[2024-07-24T06:25:42.672+0000] {taskinstance.py:2306} INFO - Starting attempt 1 of 2
[2024-07-24T06:25:42.678+0000] {taskinstance.py:2330} INFO - Executing <Task(PythonOperator): create_table> on 2024-07-24 06:25:41.661343+00:00
[2024-07-24T06:25:42.681+0000] {warnings.py:112} WARNING - /home/***/.local/lib/python3.12/site-packages/***/task/task_runner/standard_task_runner.py:62: DeprecationWarning: This process (pid=1399) is multi-threaded, use of fork() may lead to deadlocks in the child.
  pid = os.fork()

[2024-07-24T06:25:42.681+0000] {standard_task_runner.py:64} INFO - Started process 1400 to run task
[2024-07-24T06:25:42.682+0000] {standard_task_runner.py:90} INFO - Running: ['***', 'tasks', 'run', 's3_to_postgres_dag', 'create_table', 'manual__2024-07-24T06:25:41.661343+00:00', '--job-id', '61', '--raw', '--subdir', 'DAGS_FOLDER/accommodations.py', '--cfg-path', '/tmp/tmpjryyx4ep']
[2024-07-24T06:25:42.682+0000] {standard_task_runner.py:91} INFO - Job 61: Subtask create_table
[2024-07-24T06:25:42.729+0000] {task_command.py:426} INFO - Running <TaskInstance: s3_to_postgres_dag.create_table manual__2024-07-24T06:25:41.661343+00:00 [running]> on host 7f96a5b4d944
[2024-07-24T06:25:42.830+0000] {taskinstance.py:2648} INFO - Exporting env vars: AIRFLOW_CTX_DAG_OWNER='***' AIRFLOW_CTX_DAG_ID='s3_to_postgres_dag' AIRFLOW_CTX_TASK_ID='create_table' AIRFLOW_CTX_EXECUTION_DATE='2024-07-24T06:25:41.661343+00:00' AIRFLOW_CTX_TRY_NUMBER='1' AIRFLOW_CTX_DAG_RUN_ID='manual__2024-07-24T06:25:41.661343+00:00'
[2024-07-24T06:25:42.830+0000] {taskinstance.py:430} INFO - ::endgroup::
[2024-07-24T06:25:42.841+0000] {base.py:84} INFO - Using connection ID 'aws_default' for task execution.
[2024-07-24T06:25:42.841+0000] {connection_wrapper.py:388} INFO - AWS Connection (conn_id='aws_default', conn_type='aws') credentials retrieved from login and password.
[2024-07-24T06:25:43.097+0000] {logging_mixin.py:188} INFO - Table created successfully or already exists.
[2024-07-24T06:25:43.114+0000] {logging_mixin.py:188} INFO - Table columns:
[2024-07-24T06:25:43.114+0000] {logging_mixin.py:188} INFO - ('\ufeffrelevance', 'character varying')
[2024-07-24T06:25:43.115+0000] {logging_mixin.py:188} INFO - ('id', 'character varying')
[2024-07-24T06:25:43.115+0000] {logging_mixin.py:188} INFO - ('title', 'character varying')
[2024-07-24T06:25:43.115+0000] {logging_mixin.py:188} INFO - ('alternate_titles', 'character varying')
[2024-07-24T06:25:43.115+0000] {logging_mixin.py:188} INFO - ('description', 'character varying')
[2024-07-24T06:25:43.116+0000] {logging_mixin.py:188} INFO - ('category', 'character varying')
[2024-07-24T06:25:43.116+0000] {logging_mixin.py:188} INFO - ('labels', 'character varying')
[2024-07-24T06:25:43.116+0000] {logging_mixin.py:188} INFO - ('rank', 'character varying')
[2024-07-24T06:25:43.116+0000] {logging_mixin.py:188} INFO - ('local_rank', 'character varying')
[2024-07-24T06:25:43.116+0000] {logging_mixin.py:188} INFO - ('phq_attendance', 'character varying')
[2024-07-24T06:25:43.117+0000] {logging_mixin.py:188} INFO - ('entities', 'character varying')
[2024-07-24T06:25:43.117+0000] {logging_mixin.py:188} INFO - ('duration', 'character varying')
[2024-07-24T06:25:43.117+0000] {logging_mixin.py:188} INFO - ('start', 'character varying')
[2024-07-24T06:25:43.117+0000] {logging_mixin.py:188} INFO - ('start_local', 'character varying')
[2024-07-24T06:25:43.118+0000] {logging_mixin.py:188} INFO - ('end', 'character varying')
[2024-07-24T06:25:43.118+0000] {logging_mixin.py:188} INFO - ('end_local', 'character varying')
[2024-07-24T06:25:43.118+0000] {logging_mixin.py:188} INFO - ('updated', 'character varying')
[2024-07-24T06:25:43.118+0000] {logging_mixin.py:188} INFO - ('first_seen', 'character varying')
[2024-07-24T06:25:43.118+0000] {logging_mixin.py:188} INFO - ('timezone', 'character varying')
[2024-07-24T06:25:43.119+0000] {logging_mixin.py:188} INFO - ('location', 'character varying')
[2024-07-24T06:25:43.119+0000] {logging_mixin.py:188} INFO - ('geo', 'character varying')
[2024-07-24T06:25:43.119+0000] {logging_mixin.py:188} INFO - ('impact_patterns', 'character varying')
[2024-07-24T06:25:43.119+0000] {logging_mixin.py:188} INFO - ('scope', 'character varying')
[2024-07-24T06:25:43.119+0000] {logging_mixin.py:188} INFO - ('country', 'character varying')
[2024-07-24T06:25:43.120+0000] {logging_mixin.py:188} INFO - ('place_hierarchies', 'character varying')
[2024-07-24T06:25:43.120+0000] {logging_mixin.py:188} INFO - ('state', 'character varying')
[2024-07-24T06:25:43.120+0000] {logging_mixin.py:188} INFO - ('brand_safe', 'character varying')
[2024-07-24T06:25:43.120+0000] {logging_mixin.py:188} INFO - ('private', 'character varying')
[2024-07-24T06:25:43.120+0000] {logging_mixin.py:188} INFO - ('predicted_event_spend', 'character varying')
[2024-07-24T06:25:43.121+0000] {logging_mixin.py:188} INFO - ('predicted_event_spend_industries', 'character varying')
[2024-07-24T06:25:43.121+0000] {logging_mixin.py:188} INFO - ('phq_labels', 'character varying')
[2024-07-24T06:25:43.121+0000] {logging_mixin.py:188} INFO - ('start_date_confidence_score', 'character varying')
[2024-07-24T06:25:43.121+0000] {logging_mixin.py:188} INFO - ('location_confidence_score', 'character varying')
[2024-07-24T06:25:43.124+0000] {python.py:237} INFO - Done. Returned value was: None
[2024-07-24T06:25:43.125+0000] {taskinstance.py:441} INFO - ::group::Post task execution logs
[2024-07-24T06:25:43.145+0000] {taskinstance.py:1206} INFO - Marking task as SUCCESS. dag_id=s3_to_postgres_dag, task_id=create_table, run_id=manual__2024-07-24T06:25:41.661343+00:00, execution_date=20240724T062541, start_date=20240724T062542, end_date=20240724T062543
[2024-07-24T06:25:43.174+0000] {local_task_job_runner.py:243} INFO - Task exited with return code 0
[2024-07-24T06:25:43.207+0000] {taskinstance.py:3503} INFO - 1 downstream tasks scheduled from follow-on schedule check
[2024-07-24T06:25:43.208+0000] {local_task_job_runner.py:222} INFO - ::endgroup::
