[2024-07-22T07:07:49.394+0000] {manager.py:470} INFO - Processing files using up to 2 processes at a time 
[2024-07-22T07:07:49.450+0000] {manager.py:471} INFO - Process each file at most once every 30 seconds
[2024-07-22T07:07:49.486+0000] {manager.py:472} INFO - Checking for new files in /opt/airflow/dags every 300 seconds
[2024-07-22T07:07:49.505+0000] {manager.py:737} INFO - Searching for files in /opt/airflow/dags
[2024-07-22T07:07:49.529+0000] {manager.py:740} INFO - There are 0 files in /opt/airflow/dags
[2024-07-22T07:12:50.094+0000] {manager.py:737} INFO - Searching for files in /opt/airflow/dags
[2024-07-22T07:12:50.388+0000] {manager.py:740} INFO - There are 0 files in /opt/airflow/dags
[2024-07-22T07:17:50.128+0000] {manager.py:737} INFO - Searching for files in /opt/airflow/dags
[2024-07-22T07:17:50.650+0000] {manager.py:740} INFO - There are 0 files in /opt/airflow/dags
[2024-07-22T07:22:50.348+0000] {manager.py:737} INFO - Searching for files in /opt/airflow/dags
[2024-07-22T07:22:52.001+0000] {manager.py:740} INFO - There are 1 files in /opt/airflow/dags
[2024-07-22T07:23:05.870+0000] {manager.py:878} INFO - 
================================================================================
DAG File Processing Stats

File Path                           PID  Runtime      # DAGs    # Errors  Last Runtime    Last Run
--------------------------------  -----  ---------  --------  ----------  --------------  ----------
/opt/airflow/dags/test_flight.py    223  4.99s             0           0
================================================================================
[2024-07-22T07:23:36.570+0000] {manager.py:878} INFO - 
================================================================================
DAG File Processing Stats

File Path                         PID    Runtime      # DAGs    # Errors  Last Runtime    Last Run
--------------------------------  -----  ---------  --------  ----------  --------------  -------------------
/opt/airflow/dags/test_flight.py                           0           1  20.50s          2024-07-22T07:23:17
================================================================================
[2024-07-22T07:24:06.954+0000] {manager.py:878} INFO - 
================================================================================
DAG File Processing Stats

File Path                         PID    Runtime      # DAGs    # Errors  Last Runtime    Last Run
--------------------------------  -----  ---------  --------  ----------  --------------  -------------------
/opt/airflow/dags/test_flight.py                           0           1  5.51s           2024-07-22T07:23:54
================================================================================
[2024-07-22T07:24:37.333+0000] {manager.py:878} INFO - 
================================================================================
DAG File Processing Stats

File Path                           PID  Runtime      # DAGs    # Errors  Last Runtime    Last Run
--------------------------------  -----  ---------  --------  ----------  --------------  -------------------
/opt/airflow/dags/test_flight.py    242  9.47s             0           1  5.51s           2024-07-22T07:23:54
================================================================================
[2024-07-22T07:25:03.054+0000] {manager.py:1016} ERROR - Processor for /opt/airflow/dags/test_flight.py exited with return code 1.
[2024-07-22T07:25:07.635+0000] {manager.py:878} INFO - 
================================================================================
DAG File Processing Stats

File Path                         PID    Runtime      # DAGs    # Errors  Last Runtime    Last Run
--------------------------------  -----  ---------  --------  ----------  --------------  -------------------
/opt/airflow/dags/test_flight.py                           0          -1  35.28s          2024-07-22T07:25:03
================================================================================
[2024-07-22T07:25:38.324+0000] {manager.py:878} INFO - 
================================================================================
DAG File Processing Stats

File Path                           PID  Runtime      # DAGs    # Errors  Last Runtime    Last Run
--------------------------------  -----  ---------  --------  ----------  --------------  -------------------
/opt/airflow/dags/test_flight.py    257  4.64s             0          -1  35.28s          2024-07-22T07:25:03
================================================================================
[2024-07-22T07:26:06.799+0000] {manager.py:1016} ERROR - Processor for /opt/airflow/dags/test_flight.py exited with return code 1.
[2024-07-22T07:26:08.453+0000] {manager.py:878} INFO - 
================================================================================
DAG File Processing Stats

File Path                         PID    Runtime      # DAGs    # Errors  Last Runtime    Last Run
--------------------------------  -----  ---------  --------  ----------  --------------  -------------------
/opt/airflow/dags/test_flight.py                           0          -1  33.11s          2024-07-22T07:26:06
================================================================================
[2024-07-22T07:26:38.909+0000] {manager.py:878} INFO - 
================================================================================
DAG File Processing Stats

File Path                           PID  Runtime      # DAGs    # Errors  Last Runtime    Last Run
--------------------------------  -----  ---------  --------  ----------  --------------  -------------------
/opt/airflow/dags/test_flight.py    271  3.67s             0          -1  33.11s          2024-07-22T07:26:06
================================================================================
[2024-07-22T07:27:09.720+0000] {manager.py:878} INFO - 
================================================================================
DAG File Processing Stats

File Path                           PID  Runtime      # DAGs    # Errors  Last Runtime    Last Run
--------------------------------  -----  ---------  --------  ----------  --------------  -------------------
/opt/airflow/dags/test_flight.py    271  34.48s            0          -1  33.11s          2024-07-22T07:26:06
================================================================================
[2024-07-22T07:27:25.327+0000] {manager.py:1203} ERROR - Processor for /opt/airflow/dags/test_flight.py with PID 271 started at 2024-07-22T07:26:35.240225+00:00 has timed out, killing it.
[2024-07-22T07:27:39.798+0000] {manager.py:878} INFO - 
================================================================================
DAG File Processing Stats

File Path                         PID    Runtime      # DAGs    # Errors  Last Runtime    Last Run
--------------------------------  -----  ---------  --------  ----------  --------------  -------------------
/opt/airflow/dags/test_flight.py                           0           1  50.09s          2024-07-22T07:27:25
================================================================================
[2024-07-22T07:27:50.599+0000] {manager.py:737} INFO - Searching for files in /opt/airflow/dags
[2024-07-22T07:27:51.260+0000] {manager.py:740} INFO - There are 1 files in /opt/airflow/dags
[2024-07-22T07:28:09.840+0000] {manager.py:878} INFO - 
================================================================================
DAG File Processing Stats

File Path                           PID  Runtime      # DAGs    # Errors  Last Runtime    Last Run
--------------------------------  -----  ---------  --------  ----------  --------------  -------------------
/opt/airflow/dags/test_flight.py    285  14.14s            0           1  50.09s          2024-07-22T07:27:25
================================================================================
[2024-07-22T07:28:40.039+0000] {manager.py:878} INFO - 
================================================================================
DAG File Processing Stats

File Path                           PID  Runtime      # DAGs    # Errors  Last Runtime    Last Run
--------------------------------  -----  ---------  --------  ----------  --------------  -------------------
/opt/airflow/dags/test_flight.py    285  44.33s            0           1  50.09s          2024-07-22T07:27:25
================================================================================
[2024-07-22T07:28:45.703+0000] {manager.py:1203} ERROR - Processor for /opt/airflow/dags/test_flight.py with PID 285 started at 2024-07-22T07:27:55.700201+00:00 has timed out, killing it.
[2024-07-22T07:29:10.338+0000] {manager.py:878} INFO - 
================================================================================
DAG File Processing Stats

File Path                         PID    Runtime      # DAGs    # Errors  Last Runtime    Last Run
--------------------------------  -----  ---------  --------  ----------  --------------  -------------------
/opt/airflow/dags/test_flight.py                           0           1  50.00s          2024-07-22T07:28:45
================================================================================
[2024-07-22T07:29:41.068+0000] {manager.py:878} INFO - 
================================================================================
DAG File Processing Stats

File Path                           PID  Runtime      # DAGs    # Errors  Last Runtime    Last Run
--------------------------------  -----  ---------  --------  ----------  --------------  -------------------
/opt/airflow/dags/test_flight.py    305  25.07s            0           1  50.00s          2024-07-22T07:28:45
================================================================================
[2024-07-22T07:38:20.470+0000] {manager.py:470} INFO - Processing files using up to 2 processes at a time 
[2024-07-22T07:38:20.540+0000] {manager.py:471} INFO - Process each file at most once every 30 seconds
[2024-07-22T07:38:20.668+0000] {manager.py:472} INFO - Checking for new files in /opt/airflow/dags every 300 seconds
[2024-07-22T07:38:20.748+0000] {manager.py:737} INFO - Searching for files in /opt/airflow/dags
[2024-07-22T07:38:21.802+0000] {manager.py:740} INFO - There are 1 files in /opt/airflow/dags
[2024-07-22T07:38:24.106+0000] {manager.py:878} INFO - 
================================================================================
DAG File Processing Stats

File Path                           PID  Runtime      # DAGs    # Errors  Last Runtime    Last Run
--------------------------------  -----  ---------  --------  ----------  --------------  ----------
/opt/airflow/dags/test_flight.py     79  0.97s             0           0
================================================================================
[2024-07-22T07:38:54.527+0000] {manager.py:878} INFO - 
================================================================================
DAG File Processing Stats

File Path                         PID    Runtime      # DAGs    # Errors  Last Runtime    Last Run
--------------------------------  -----  ---------  --------  ----------  --------------  -------------------
/opt/airflow/dags/test_flight.py                           1           0  24.56s          2024-07-22T07:38:47
================================================================================
[2024-07-22T07:39:24.964+0000] {manager.py:878} INFO - 
================================================================================
DAG File Processing Stats

File Path                           PID  Runtime      # DAGs    # Errors  Last Runtime    Last Run
--------------------------------  -----  ---------  --------  ----------  --------------  -------------------
/opt/airflow/dags/test_flight.py     95  6.48s             1           0  24.56s          2024-07-22T07:38:47
================================================================================
[2024-07-22T07:39:55.930+0000] {manager.py:878} INFO - 
================================================================================
DAG File Processing Stats

File Path                         PID    Runtime      # DAGs    # Errors  Last Runtime    Last Run
--------------------------------  -----  ---------  --------  ----------  --------------  -------------------
/opt/airflow/dags/test_flight.py                           1           0  15.23s          2024-07-22T07:39:33
================================================================================
[2024-07-22T07:40:26.124+0000] {manager.py:878} INFO - 
================================================================================
DAG File Processing Stats

File Path                           PID  Runtime      # DAGs    # Errors  Last Runtime    Last Run
--------------------------------  -----  ---------  --------  ----------  --------------  -------------------
/opt/airflow/dags/test_flight.py    110  22.00s            1           0  15.23s          2024-07-22T07:39:33
================================================================================
[2024-07-22T07:40:56.426+0000] {manager.py:878} INFO - 
================================================================================
DAG File Processing Stats

File Path                         PID    Runtime      # DAGs    # Errors  Last Runtime    Last Run
--------------------------------  -----  ---------  --------  ----------  --------------  -------------------
/opt/airflow/dags/test_flight.py                           1           0  25.82s          2024-07-22T07:40:29
================================================================================
[2024-07-22T07:41:26.702+0000] {manager.py:878} INFO - 
================================================================================
DAG File Processing Stats

File Path                           PID  Runtime      # DAGs    # Errors  Last Runtime    Last Run
--------------------------------  -----  ---------  --------  ----------  --------------  -------------------
/opt/airflow/dags/test_flight.py    118  26.09s            1           0  25.82s          2024-07-22T07:40:29
================================================================================
[2024-07-22T07:41:56.767+0000] {manager.py:878} INFO - 
================================================================================
DAG File Processing Stats

File Path                         PID    Runtime      # DAGs    # Errors  Last Runtime    Last Run
--------------------------------  -----  ---------  --------  ----------  --------------  -------------------
/opt/airflow/dags/test_flight.py                           1           0  30.07s          2024-07-22T07:41:30
================================================================================
